build/app/intermediates/proguard-rules/release/aapt_rules.txt
# Referenced at merged\x86_64\AndroidManifest.xml:26
-keep class com.example.hey_driver.MainActivity { <init>(...); }
# Referenced at merged\x86_64\AndroidManifest.xml:105
-keep class com.google.android.gms.auth.api.signin.RevocationBoundService { <init>(...); }
# Referenced at merged\x86_64\AndroidManifest.xml:96
-keep class com.google.android.gms.auth.api.signin.internal.SignInHubActivity { <init>(...); }
# Referenced at merged\x86_64\AndroidManifest.xml:110
-keep class com.google.android.gms.common.api.GoogleApiActivity { <init>(...); }
# Referenced at merged\x86_64\AndroidManifest.xml:89
-keep class com.google.firebase.auth.internal.FederatedSignInActivity { <init>(...); }
# Referenced at merged\x86_64\AndroidManifest.xml:68
-keep class com.google.firebase.components.ComponentDiscoveryService { <init>(...); }
# Referenced at merged\x86_64\AndroidManifest.xml:115
-keep class com.google.firebase.provider.FirebaseInitProvider { <init>(...); }
# Referenced at merged\x86_64\AndroidManifest.xml:21
-keep class io.flutter.app.FlutterApplication { <init>(...); }