build/app/outputs/mapping/r8/release/mapping.txt
# compiler: R8
# compiler_version: 1.2.49
# min_api: 16
com.example.hey_driver.MainActivity -> com.example.hey_driver.MainActivity:
...
androidx.localbroadcastmanager.content.LocalBroadcastManager -> a.e.a.b:
    android.content.Context mAppContext -> c
    android.os.Handler mHandler -> g
    java.util.ArrayList mPendingBroadcasts -> f
    java.util.HashMap mActions -> e
    java.util.HashMap mReceivers -> d
    androidx.localbroadcastmanager.content.LocalBroadcastManager mInstance -> b
    java.lang.Object mLock -> a
    androidx.localbroadcastmanager.content.LocalBroadcastManager getInstance(android.content.Context) -> a
    boolean sendBroadcast(android.content.Intent) -> a
    void executePendingBroadcasts() -> a
androidx.localbroadcastmanager.content.LocalBroadcastManager$1 -> a.e.a.a:
    androidx.localbroadcastmanager.content.LocalBroadcastManager this$0 -> a
androidx.localbroadcastmanager.content.LocalBroadcastManager$BroadcastRecord -> a.e.a.b$a:
    android.content.Intent intent -> a
    java.util.ArrayList receivers -> b
androidx.localbroadcastmanager.content.LocalBroadcastManager$ReceiverRecord -> a.e.a.b$b:
androidx.savedstate.Recreator -> androidx.savedstate.Recreator:
    androidx.savedstate.SavedStateRegistryOwner mOwner -> a
    void reflectiveNew(java.lang.String) -> a
    void onStateChanged(androidx.lifecycle.LifecycleOwner,androidx.lifecycle.Lifecycle$Event) -> a
androidx.savedstate.SavedStateRegistry -> androidx.savedstate.a:
    android.os.Bundle mRestoredState -> b
    androidx.arch.core.internal.SafeIterableMap mComponents -> a
    boolean mAllowingSavingState -> d
    boolean mRestored -> c
    android.os.Bundle consumeRestoredStateForKey(java.lang.String) -> a
    void performRestore(androidx.lifecycle.Lifecycle,android.os.Bundle) -> a
    void performSave(android.os.Bundle) -> a
androidx.savedstate.SavedStateRegistry$1 -> androidx.savedstate.SavedStateRegistry$1:
    androidx.savedstate.SavedStateRegistry this$0 -> a
    void onStateChanged(androidx.lifecycle.LifecycleOwner,androidx.lifecycle.Lifecycle$Event) -> a
androidx.savedstate.SavedStateRegistry$AutoRecreated -> androidx.savedstate.a$a:
    void onRecreated(androidx.savedstate.SavedStateRegistryOwner) -> a
androidx.savedstate.SavedStateRegistry$SavedStateProvider -> androidx.savedstate.a$b:
    android.os.Bundle saveState() -> a
androidx.savedstate.SavedStateRegistryController -> androidx.savedstate.b:
    androidx.savedstate.SavedStateRegistry mRegistry -> b
    androidx.savedstate.SavedStateRegistryOwner mOwner -> a
    androidx.savedstate.SavedStateRegistryController create(androidx.savedstate.SavedStateRegistryOwner) -> a
    androidx.savedstate.SavedStateRegistry getSavedStateRegistry() -> a
    void performRestore(android.os.Bundle) -> a
    void performSave(android.os.Bundle) -> b
androidx.savedstate.SavedStateRegistryOwner -> androidx.savedstate.c:
    androidx.savedstate.SavedStateRegistry getSavedStateRegistry() -> f
androidx.versionedparcelable.CustomVersionedParcelable -> androidx.versionedparcelable.CustomVersionedParcelable:
androidx.versionedparcelable.ParcelImpl -> androidx.versionedparcelable.ParcelImpl:
    androidx.versionedparcelable.VersionedParcelable mParcel -> a
androidx.versionedparcelable.ParcelImpl$1 -> androidx.versionedparcelable.a: